22:06:33.247 [main                     ] DEBUG Logger               - Configured Logger
22:06:33.310 [main                     ] DEBUG GameApplication      - Logging settings
Title: Escape From the Lab
Version: 0.1
Width: 816
Height: 672
Fullscreen: false
Intro: false
Profiling: false
Single step:false
App Mode: DEVELOPER
Menu Key: ESCAPE
Stage Style: DECORATED
Scene Factory: class com.example.javagame.GameDesign.App$1

22:06:33.928 [JavaFX Application Thread] DEBUG FXGLApplication      - Initializing FXGL
22:06:33.940 [JavaFX Application Thread] INFO  Engine               - FXGL-17.2 (20.08.2022 16.50) on WINDOWS (J:19 FX:19.0.2.1)
22:06:33.941 [JavaFX Application Thread] DEBUG Engine               - JRE Vendor Name: Oracle Corporation
22:06:33.941 [JavaFX Application Thread] DEBUG Engine               - Running on OS: Windows 11 version 10.0
22:06:33.942 [JavaFX Application Thread] DEBUG Engine               - Architecture: amd64
22:06:33.942 [JavaFX Application Thread] INFO  Engine               - Source code and latest versions at: https://github.com/AlmasB/FXGL
22:06:33.942 [JavaFX Application Thread] INFO  Engine               -       Ask questions and discuss at: https://github.com/AlmasB/FXGL/discussions
22:06:33.942 [JavaFX Application Thread] INFO  Engine               -              Join the FXGL chat at: https://gitter.im/AlmasB/FXGL
22:06:34.069 [JavaFX Application Thread] DEBUG PrimaryStageWindow   - Creating a JavaFX scene
22:06:34.124 [JavaFX Application Thread] DEBUG PrimaryStageWindow   - Target settings size: 816.0 x 672.0
22:06:34.125 [JavaFX Application Thread] DEBUG PrimaryStageWindow   - Scaled scene size:    816.0 x 672.0
22:06:34.125 [JavaFX Application Thread] DEBUG PrimaryStageWindow   - Scaled ratio: (1.0, 1.0)
22:06:34.129 [JavaFX Application Thread] DEBUG PrimaryStageWindow   - Set initial scene to FXGLStartupScene
22:06:34.136 [JavaFX Application Thread] DEBUG PrimaryStageWindow   - Opening main window
22:06:34.315 [JavaFX Application Thread] DEBUG PrimaryStageWindow   - Window border size: (14.66668701171875, 37.33331298828125)
22:06:34.315 [JavaFX Application Thread] DEBUG PrimaryStageWindow   - Scaled size: 816.0 x 672.0
22:06:34.316 [JavaFX Application Thread] DEBUG PrimaryStageWindow   - Scaled ratio: (1.0, 1.0)
22:06:34.317 [JavaFX Application Thread] DEBUG PrimaryStageWindow   - Scene size: 816.0 x 672.0
22:06:34.317 [JavaFX Application Thread] DEBUG PrimaryStageWindow   - Stage size: 830.6666870117188 x 709.3333129882812
22:06:34.334 [FXGL Background Thread 1 ] DEBUG Engine               - Initializing environment variables
22:06:34.481 [FXGL Background Thread 1 ] DEBUG FXGLAssetLoaderServi - User app class for loading assets: class com.example.javagame.GameDesign.App
22:06:34.482 [FXGL Background Thread 1 ] DEBUG GameApplicationServi - Applying CSS: fxgl_dark.css
22:06:34.485 [FXGL Background Thread 1 ] DEBUG FXGLAssetLoaderServi - Loading from file system: jar:file:///C:/Users/JOICE%20JIN/.m2/repository/com/github/almasb/fxgl/17.2/fxgl-17.2.jar!/fxglassets/ui/css/fxgl_dark.css
22:06:34.633 [FXGL Background Thread 1 ] DEBUG GameApplicationServi - Applying CSS: game.css
22:06:34.639 [FXGL Background Thread 1 ] DEBUG FXGLAssetLoaderServi - Loading from file system: file:/D:/JAVA%20GAME/target/classes/assets/ui/css/game.css
22:06:34.642 [FXGL Background Thread 1 ] DEBUG GameApplicationServi - Initializing application scenes
22:06:35.019 [FXGL Background Thread 1 ] DEBUG GameWorld            - Game world initialized
22:06:35.143 [FXGL Background Thread 1 ] DEBUG PhysicsWorld         - Physics world initialized: appHeight=672, physics.ppm=50.0
22:06:35.145 [FXGL Background Thread 1 ] DEBUG PhysicsWorld         - Using strategy: BRUTE_FORCE
22:06:35.163 [FXGL Background Thread 1 ] DEBUG GameScene            - Game scene initialized: 816x672
22:06:35.306 [FXGL Background Thread 1 ] DEBUG FXGL.DefaultMenu     - createMenuBodyGameMenu()
22:06:35.372 [FXGL Background Thread 1 ] DEBUG FXGL.DefaultMenu     - createOptionsMenu()
22:06:35.426 [FXGL Background Thread 1 ] DEBUG FXGLAssetLoaderServi - Loading from file system: jar:file:///C:/Users/JOICE%20JIN/.m2/repository/com/github/almasb/fxgl/17.2/fxgl-17.2.jar!/fxglassets/textures/particles/smoke.png
22:06:35.695 [FXGL Background Thread 1 ] DEBUG FXGLAssetLoaderServi - Loading from file system: jar:file:///C:/Users/JOICE%20JIN/.m2/repository/com/github/almasb/fxgl/17.2/fxgl-17.2.jar!/fxglassets/textures/particles/trace_horizontal.png
22:06:35.738 [FXGL Background Thread 1 ] DEBUG GameApplicationServi - Application scenes initialized
22:06:35.771 [FXGL Background Thread 1 ] DEBUG SystemBundleService  - Loading FXGL system data
22:06:35.785 [FXGL Background Thread 1 ] DEBUG FileSystemAccess     - Reading from: D:\JAVA GAME\system\fxgl.bundle
22:06:35.807 [FXGL Background Thread 1 ] DEBUG SystemBundleService  - Bundle FXGL: {}
22:06:35.807 [FXGL Background Thread 1 ] DEBUG UpdaterService       - Checking for updates
22:06:35.817 [FXGL Background Thread 4 ] DEBUG FXGLApplication      - Loading fonts
22:06:35.818 [FXGL Background Thread 4 ] DEBUG FXGLAssetLoaderServi - Loading from file system: jar:file:///C:/Users/JOICE%20JIN/.m2/repository/com/github/almasb/fxgl/17.2/fxgl-17.2.jar!/fxglassets/ui/fonts/VarelaRound-Regular.ttf
22:06:35.822 [FXGL Background Thread 1 ] DEBUG FXGLApplication      - Loading default localization
22:06:35.824 [FXGL Background Thread 1 ] DEBUG FXGLAssetLoaderServi - Loading from file system: jar:file:///C:/Users/JOICE%20JIN/.m2/repository/com/github/almasb/fxgl/17.2/fxgl-17.2.jar!/fxglassets/languages/english.lang
22:06:35.866 [FXGL Background Thread 1 ] INFO  FXGLApplication      - FXGL initialization took: 1.533 sec
22:06:35.884 [JavaFX Application Thread] DEBUG Input                - Registered new binding: action0 - Up
22:06:35.885 [JavaFX Application Thread] DEBUG Input                - Registered new binding: action1 - Down
22:06:35.886 [JavaFX Application Thread] DEBUG Input                - Registered new binding: action2 - Left
22:06:35.888 [JavaFX Application Thread] DEBUG Input                - Registered new binding: action3 - Right
22:06:35.889 [JavaFX Application Thread] DEBUG Input                - Registered new binding: action4 - Space
22:06:35.890 [JavaFX Application Thread] DEBUG FXGLAssetLoaderServi - Loading from file system: file:/D:/JAVA%20GAME/target/classes/assets/textures/appicon.png
22:06:35.905 [JavaFX Application Thread] DEBUG FXGLAssetLoaderServi - Loading from file system: file:/D:/JAVA%20GAME/target/classes/assets/textures/cursor.png
22:06:35.910 [JavaFX Application Thread] DEBUG Input                - Registered new binding: Screenshot - CTRL+8
22:06:35.911 [JavaFX Application Thread] DEBUG Input                - Registered new binding: System info dump - CTRL+9
22:06:35.912 [JavaFX Application Thread] DEBUG Input                - Registered new binding: Restart - CTRL+R
22:06:35.915 [JavaFX Application Thread] DEBUG Input                - Registered new binding: Toggle Debug Camera - CTRL+7
22:06:35.923 [JavaFX Application Thread] DEBUG LoopRunner           - Starting loop
22:06:35.923 [JavaFX Application Thread] DEBUG LoopRunner           - Initializing JavaFX AnimationTimerLoop
22:06:35.929 [JavaFX Application Thread] DEBUG Input                - Clearing active input actions
22:06:35.940 [JavaFX Application Thread] DEBUG GameApplicationServi - Removing overlay from FXGLStartupScene and adding to FXGLMainMenuDummyScene
22:06:35.941 [JavaFX Application Thread] DEBUG PrimaryStageWindow   - FXGLStartupScene -> FXGLMainMenuDummyScene
22:06:35.941 [JavaFX Application Thread] DEBUG PrimaryStageWindow   - Push state: LoginScene
22:06:35.941 [JavaFX Application Thread] DEBUG Input                - Clearing active input actions
22:06:35.981 [JavaFX Application Thread] DEBUG GameApplicationServi - Removing overlay from FXGLMainMenuDummyScene and adding to LoginScene
22:06:35.983 [JavaFX Application Thread] DEBUG PrimaryStageWindow   - FXGLMainMenuDummyScene -> LoginScene
22:06:36.002 [FXGL Background Thread 4 ] DEBUG FXGLAssetLoaderServi - Loading from file system: jar:file:///C:/Users/JOICE%20JIN/.m2/repository/com/github/almasb/fxgl/17.2/fxgl-17.2.jar!/fxglassets/ui/fonts/Abel-Regular.ttf
22:06:36.005 [FXGL Background Thread 4 ] DEBUG FXGLAssetLoaderServi - Loading from file system: jar:file:///C:/Users/JOICE%20JIN/.m2/repository/com/github/almasb/fxgl/17.2/fxgl-17.2.jar!/fxglassets/ui/fonts/TerminalLandMono-Regular.otf
22:06:36.009 [FXGL Background Thread 4 ] DEBUG FXGLAssetLoaderServi - Loading from file system: jar:file:///C:/Users/JOICE%20JIN/.m2/repository/com/github/almasb/fxgl/17.2/fxgl-17.2.jar!/fxglassets/ui/fonts/Courier-Prime.ttf
22:06:36.232 [FXGL Background Thread 2 ] WARN  UpdaterService       - Failed to find updates: java.net.UnknownHostException: raw.githubusercontent.com
22:06:36.497 [JavaFX Application Thread] DEBUG FXGLApplication      - Registering font factories with UI factory
22:06:38.814 [FXGL Background Thread 3 ] DEBUG Engine               - Logging environment variables
22:06:38.815 [FXGL Background Thread 3 ] DEBUG Engine               - achievements: []
22:06:38.815 [FXGL Background Thread 3 ] DEBUG Engine               - actualHeight: 672.0
22:06:38.815 [FXGL Background Thread 3 ] DEBUG Engine               - actualHeightProperty: ReadOnlyDoubleProperty [value: 672.0]
22:06:38.815 [FXGL Background Thread 3 ] DEBUG Engine               - actualWidth: 816.0
22:06:38.815 [FXGL Background Thread 3 ] DEBUG Engine               - actualWidthProperty: ReadOnlyDoubleProperty [value: 816.0]
22:06:38.815 [FXGL Background Thread 3 ] DEBUG Engine               - appIcon: appicon.png
22:06:38.816 [FXGL Background Thread 3 ] DEBUG Engine               - applicationMode: DEVELOPER
22:06:38.816 [FXGL Background Thread 3 ] DEBUG Engine               - cSSList: [fxgl_dark.css, game.css]
22:06:38.817 [FXGL Background Thread 3 ] DEBUG Engine               - collisionDetectionStrategy: BRUTE_FORCE
22:06:38.817 [FXGL Background Thread 3 ] DEBUG Engine               - configClass: Optional.empty
22:06:38.817 [FXGL Background Thread 3 ] DEBUG Engine               - credits: []
22:06:38.817 [FXGL Background Thread 3 ] DEBUG Engine               - defaultCursor: CursorInfo(imageName=cursor.png, hotspotX=0.0, hotspotY=0.0)
22:06:38.819 [FXGL Background Thread 3 ] DEBUG Engine               - devBBoxColorProperty: ObjectProperty [value: 0xff0000ff]
22:06:38.819 [FXGL Background Thread 3 ] DEBUG Engine               - devEnableDebugCameraProperty: BooleanProperty [value: false]
22:06:38.820 [FXGL Background Thread 3 ] DEBUG Engine               - devSensorColorProperty: ObjectProperty [value: 0xffff00ff]
22:06:38.820 [FXGL Background Thread 3 ] DEBUG Engine               - devShowBBoxProperty: BooleanProperty [value: false]
22:06:38.820 [FXGL Background Thread 3 ] DEBUG Engine               - devShowPositionProperty: BooleanProperty [value: false]
22:06:38.822 [FXGL Background Thread 3 ] DEBUG Engine               - enabledMenuItems: []
22:06:38.822 [FXGL Background Thread 3 ] DEBUG Engine               - engineServices: [class com.almasb.fxgl.app.services.FXGLAssetLoaderService, class com.almasb.fxgl.app.FXGLApplication$GameApplicationService, class com.almasb.fxgl.app.services.FXGLDialogService, class com.almasb.fxgl.app.services.IOTaskExecutorService, class com.almasb.fxgl.io.FileSystemService, class com.almasb.fxgl.localization.LocalizationService, class com.almasb.fxgl.app.services.SystemBundleService, class com.almasb.fxgl.profile.SaveLoadService, class com.almasb.fxgl.ui.FXGLUIFactoryServiceProvider, class com.almasb.fxgl.ui.FXGLDialogFactoryServiceProvider, class com.almasb.fxgl.audio.AudioPlayer, class com.almasb.fxgl.notification.impl.NotificationServiceProvider, class com.almasb.fxgl.achievement.AchievementService, class com.almasb.fxgl.cutscene.CutsceneService, class com.almasb.fxgl.minigames.MiniGameService, class com.almasb.fxgl.net.NetService, class com.almasb.fxgl.app.services.UpdaterService, class com.almasb.fxgl.dev.DevService]
22:06:38.822 [FXGL Background Thread 3 ] DEBUG Engine               - fontGame: Abel-Regular.ttf
22:06:38.822 [FXGL Background Thread 3 ] DEBUG Engine               - fontMono: TerminalLandMono-Regular.otf
22:06:38.822 [FXGL Background Thread 3 ] DEBUG Engine               - fontText: Courier-Prime.ttf
22:06:38.822 [FXGL Background Thread 3 ] DEBUG Engine               - fontUI: VarelaRound-Regular.ttf
22:06:38.823 [FXGL Background Thread 3 ] DEBUG Engine               - fullScreen: BooleanProperty [value: false]
22:06:38.823 [FXGL Background Thread 3 ] DEBUG Engine               - gameDifficulty: MEDIUM
22:06:38.823 [FXGL Background Thread 3 ] DEBUG Engine               - gameDifficultyProperty: ObjectProperty [value: MEDIUM]
22:06:38.823 [FXGL Background Thread 3 ] DEBUG Engine               - globalMusicVolume: 0.5
22:06:38.823 [FXGL Background Thread 3 ] DEBUG Engine               - globalMusicVolumeProperty: DoubleProperty [value: 0.5]
22:06:38.823 [FXGL Background Thread 3 ] DEBUG Engine               - globalSoundVolume: 0.5
22:06:38.823 [FXGL Background Thread 3 ] DEBUG Engine               - globalSoundVolumeProperty: DoubleProperty [value: 0.5]
22:06:38.823 [FXGL Background Thread 3 ] DEBUG Engine               - height: 672
22:06:38.823 [FXGL Background Thread 3 ] DEBUG Engine               - is3D: false
22:06:38.823 [FXGL Background Thread 3 ] DEBUG Engine               - isAndroid: false
22:06:38.823 [FXGL Background Thread 3 ] DEBUG Engine               - isBrowser: false
22:06:38.823 [FXGL Background Thread 3 ] DEBUG Engine               - isClickFeedbackEnabled: false
22:06:38.823 [FXGL Background Thread 3 ] DEBUG Engine               - isCloseConfirmation: false
22:06:38.823 [FXGL Background Thread 3 ] DEBUG Engine               - isDesktop: true
22:06:38.823 [FXGL Background Thread 3 ] DEBUG Engine               - isDeveloperMenuEnabled: false
22:06:38.823 [FXGL Background Thread 3 ] DEBUG Engine               - isEmbedded: false
22:06:38.823 [FXGL Background Thread 3 ] DEBUG Engine               - isEntityPreloadEnabled: true
22:06:38.823 [FXGL Background Thread 3 ] DEBUG Engine               - isExperimentalTiledLargeMap: false
22:06:38.823 [FXGL Background Thread 3 ] DEBUG Engine               - isFileSystemWriteAllowed: true
22:06:38.823 [FXGL Background Thread 3 ] DEBUG Engine               - isFullScreenAllowed: false
22:06:38.823 [FXGL Background Thread 3 ] DEBUG Engine               - isFullScreenFromStart: false
22:06:38.823 [FXGL Background Thread 3 ] DEBUG Engine               - isGameMenuEnabled: true
22:06:38.823 [FXGL Background Thread 3 ] DEBUG Engine               - isIOS: false
22:06:38.823 [FXGL Background Thread 3 ] DEBUG Engine               - isIntroEnabled: false
22:06:38.823 [FXGL Background Thread 3 ] DEBUG Engine               - isLinux: false
22:06:38.823 [FXGL Background Thread 3 ] DEBUG Engine               - isMac: false
22:06:38.823 [FXGL Background Thread 3 ] DEBUG Engine               - isMainMenuEnabled: true
22:06:38.823 [FXGL Background Thread 3 ] DEBUG Engine               - isManualResizeEnabled: false
22:06:38.823 [FXGL Background Thread 3 ] DEBUG Engine               - isMobile: false
22:06:38.823 [FXGL Background Thread 3 ] DEBUG Engine               - isNative: false
22:06:38.823 [FXGL Background Thread 3 ] DEBUG Engine               - isPauseMusicWhenMinimized: true
22:06:38.823 [FXGL Background Thread 3 ] DEBUG Engine               - isPreserveResizeRatio: false
22:06:38.823 [FXGL Background Thread 3 ] DEBUG Engine               - isProfilingEnabled: false
22:06:38.823 [FXGL Background Thread 3 ] DEBUG Engine               - isScaleAffectedOnResize: true
22:06:38.823 [FXGL Background Thread 3 ] DEBUG Engine               - isSingleStep: false
22:06:38.823 [FXGL Background Thread 3 ] DEBUG Engine               - isUserProfileEnabled: false
22:06:38.823 [FXGL Background Thread 3 ] DEBUG Engine               - isWindows: true
22:06:38.823 [FXGL Background Thread 3 ] DEBUG Engine               - language: ObjectProperty [value: ENGLISH]
22:06:38.823 [FXGL Background Thread 3 ] DEBUG Engine               - menuKey: ESCAPE
22:06:38.823 [FXGL Background Thread 3 ] DEBUG Engine               - mouseSensitivity: 0.2
22:06:38.823 [FXGL Background Thread 3 ] DEBUG Engine               - notificationViewClass: class com.almasb.fxgl.notification.view.XboxNotificationView
22:06:38.823 [FXGL Background Thread 3 ] DEBUG Engine               - pixelsPerMeter: 50.0
22:06:38.823 [FXGL Background Thread 3 ] DEBUG Engine               - platform: WINDOWS
22:06:38.823 [FXGL Background Thread 3 ] DEBUG Engine               - prefHeightProperty: ReadOnlyDoubleProperty [value: 672.0]
22:06:38.823 [FXGL Background Thread 3 ] DEBUG Engine               - prefWidthProperty: ReadOnlyDoubleProperty [value: 816.0]
22:06:38.823 [FXGL Background Thread 3 ] DEBUG Engine               - profileDir: profiles/
22:06:38.824 [FXGL Background Thread 3 ] DEBUG Engine               - profileName: StringProperty [value: DEFAULT]
22:06:38.824 [FXGL Background Thread 3 ] DEBUG Engine               - randomSeed: -1
22:06:38.824 [FXGL Background Thread 3 ] DEBUG Engine               - runtimeInfo: RuntimeInfo(platform=WINDOWS, version=17.2, build=20.08.2022 16.50)
22:06:38.824 [FXGL Background Thread 3 ] DEBUG Engine               - saveFileExt: sav
22:06:38.824 [FXGL Background Thread 3 ] DEBUG Engine               - scaledHeightProp$fxgl: DoubleProperty [bound, value: 672.0]
22:06:38.824 [FXGL Background Thread 3 ] DEBUG Engine               - scaledWidthProp$fxgl: DoubleProperty [bound, value: 816.0]
22:06:38.824 [FXGL Background Thread 3 ] DEBUG Engine               - sceneFactory: com.example.javagame.GameDesign.App$1@75b2951
22:06:38.824 [FXGL Background Thread 3 ] DEBUG Engine               - secondsIn24h: 60
22:06:38.824 [FXGL Background Thread 3 ] DEBUG Engine               - soundMenuBack: menu/back.wav
22:06:38.824 [FXGL Background Thread 3 ] DEBUG Engine               - soundMenuPress: menu/press.wav
22:06:38.824 [FXGL Background Thread 3 ] DEBUG Engine               - soundMenuSelect: menu/select.wav
22:06:38.824 [FXGL Background Thread 3 ] DEBUG Engine               - soundNotification: core/notification.wav
22:06:38.824 [FXGL Background Thread 3 ] DEBUG Engine               - stageStyle: DECORATED
22:06:38.824 [FXGL Background Thread 3 ] DEBUG Engine               - supportedLanguages: [ENGLISH, FRENCH, GERMAN, HUNGARIAN, RUSSIAN]
22:06:38.824 [FXGL Background Thread 3 ] DEBUG Engine               - ticksPerSecond: -1
22:06:38.824 [FXGL Background Thread 3 ] DEBUG Engine               - title: Escape From the Lab
22:06:38.824 [FXGL Background Thread 3 ] DEBUG Engine               - urlGithub: https://github.com/AlmasB/FXGL
22:06:38.824 [FXGL Background Thread 3 ] DEBUG Engine               - urlLeaderboard: http://fxgl-top.herokuapp.com/
22:06:38.824 [FXGL Background Thread 3 ] DEBUG Engine               - urlPOM: https://raw.githubusercontent.com/AlmasB/FXGL/release/README.md
22:06:38.824 [FXGL Background Thread 3 ] DEBUG Engine               - userAppClass: class com.example.javagame.GameDesign.App
22:06:38.824 [FXGL Background Thread 3 ] DEBUG Engine               - version: 0.1
22:06:38.824 [FXGL Background Thread 3 ] DEBUG Engine               - versionCheckDays: 7
22:06:38.824 [FXGL Background Thread 3 ] DEBUG Engine               - width: 816
22:06:38.824 [FXGL Background Thread 3 ] DEBUG Engine               - Logging services
22:06:38.824 [FXGL Background Thread 3 ] DEBUG Engine               - class com.almasb.fxgl.app.services.FXGLAssetLoaderService
22:06:38.824 [FXGL Background Thread 3 ] DEBUG Engine               - class com.almasb.fxgl.app.FXGLApplication$GameApplicationService
22:06:38.824 [FXGL Background Thread 3 ] DEBUG Engine               - class com.almasb.fxgl.app.services.FXGLDialogService
22:06:38.824 [FXGL Background Thread 3 ] DEBUG Engine               - class com.almasb.fxgl.app.services.IOTaskExecutorService
22:06:38.824 [FXGL Background Thread 3 ] DEBUG Engine               - class com.almasb.fxgl.io.FileSystemService
22:06:38.824 [FXGL Background Thread 3 ] DEBUG Engine               - class com.almasb.fxgl.localization.LocalizationService
22:06:38.824 [FXGL Background Thread 3 ] DEBUG Engine               - class com.almasb.fxgl.app.services.SystemBundleService
22:06:38.824 [FXGL Background Thread 3 ] DEBUG Engine               - class com.almasb.fxgl.profile.SaveLoadService
22:06:38.824 [FXGL Background Thread 3 ] DEBUG Engine               - class com.almasb.fxgl.ui.FXGLUIFactoryServiceProvider
22:06:38.824 [FXGL Background Thread 3 ] DEBUG Engine               - class com.almasb.fxgl.ui.FXGLDialogFactoryServiceProvider
22:06:38.824 [FXGL Background Thread 3 ] DEBUG Engine               - class com.almasb.fxgl.audio.AudioPlayer
22:06:38.824 [FXGL Background Thread 3 ] DEBUG Engine               - class com.almasb.fxgl.notification.impl.NotificationServiceProvider
22:06:38.824 [FXGL Background Thread 3 ] DEBUG Engine               - class com.almasb.fxgl.achievement.AchievementService
22:06:38.824 [FXGL Background Thread 3 ] DEBUG Engine               - class com.almasb.fxgl.cutscene.CutsceneService
22:06:38.824 [FXGL Background Thread 3 ] DEBUG Engine               - class com.almasb.fxgl.minigames.MiniGameService
22:06:38.824 [FXGL Background Thread 3 ] DEBUG Engine               - class com.almasb.fxgl.net.NetService
22:06:38.824 [FXGL Background Thread 3 ] DEBUG Engine               - class com.almasb.fxgl.app.services.UpdaterService
22:06:38.824 [FXGL Background Thread 3 ] DEBUG Engine               - class com.almasb.fxgl.dev.DevService
22:06:46.552 [JavaFX Application Thread] DEBUG FXGLApplication      - Exiting FXGL
22:06:46.552 [JavaFX Application Thread] DEBUG LoopRunner           - Stopping loop
22:06:46.552 [JavaFX Application Thread] DEBUG SystemBundleService  - Saving FXGL system data
22:06:46.554 [JavaFX Application Thread] DEBUG FileSystemAccess     - Writing to: D:\JAVA GAME\system\fxgl.bundle
22:06:46.555 [JavaFX Application Thread] DEBUG Async                - Shutting down background threads
22:06:46.555 [JavaFX Application Thread] DEBUG PrimaryStageWindow   - Closing main window
22:06:46.568 [JavaFX Application Thread] DEBUG Logger               - Closing Logger
