22:01:48.250 [main                     ] DEBUG Logger               - Configured Logger
22:01:48.314 [main                     ] DEBUG GameApplication      - Logging settings
Title: Escape From the Lab
Version: 0.1
Width: 816
Height: 672
Fullscreen: false
Intro: false
Profiling: false
Single step:false
App Mode: DEVELOPER
Menu Key: ESCAPE
Stage Style: DECORATED
Scene Factory: class com.example.javagame.GameDesign.App$1

22:01:49.059 [JavaFX Application Thread] DEBUG FXGLApplication      - Initializing FXGL
22:01:49.076 [JavaFX Application Thread] INFO  Engine               - FXGL-17.2 (20.08.2022 16.50) on WINDOWS (J:19 FX:19.0.2.1)
22:01:49.076 [JavaFX Application Thread] DEBUG Engine               - JRE Vendor Name: Oracle Corporation
22:01:49.077 [JavaFX Application Thread] DEBUG Engine               - Running on OS: Windows 11 version 10.0
22:01:49.077 [JavaFX Application Thread] DEBUG Engine               - Architecture: amd64
22:01:49.077 [JavaFX Application Thread] INFO  Engine               - Source code and latest versions at: https://github.com/AlmasB/FXGL
22:01:49.078 [JavaFX Application Thread] INFO  Engine               -       Ask questions and discuss at: https://github.com/AlmasB/FXGL/discussions
22:01:49.078 [JavaFX Application Thread] INFO  Engine               -              Join the FXGL chat at: https://gitter.im/AlmasB/FXGL
22:01:49.283 [JavaFX Application Thread] DEBUG PrimaryStageWindow   - Creating a JavaFX scene
22:01:49.365 [JavaFX Application Thread] DEBUG PrimaryStageWindow   - Target settings size: 816.0 x 672.0
22:01:49.365 [JavaFX Application Thread] DEBUG PrimaryStageWindow   - Scaled scene size:    816.0 x 672.0
22:01:49.365 [JavaFX Application Thread] DEBUG PrimaryStageWindow   - Scaled ratio: (1.0, 1.0)
22:01:49.366 [JavaFX Application Thread] DEBUG PrimaryStageWindow   - Set initial scene to FXGLStartupScene
22:01:49.370 [JavaFX Application Thread] DEBUG PrimaryStageWindow   - Opening main window
22:01:49.498 [JavaFX Application Thread] DEBUG PrimaryStageWindow   - Window border size: (14.66668701171875, 37.33331298828125)
22:01:49.499 [JavaFX Application Thread] DEBUG PrimaryStageWindow   - Scaled size: 816.0 x 672.0
22:01:49.499 [JavaFX Application Thread] DEBUG PrimaryStageWindow   - Scaled ratio: (1.0, 1.0)
22:01:49.500 [JavaFX Application Thread] DEBUG PrimaryStageWindow   - Scene size: 816.0 x 672.0
22:01:49.500 [JavaFX Application Thread] DEBUG PrimaryStageWindow   - Stage size: 830.6666870117188 x 709.3333129882812
22:01:49.516 [FXGL Background Thread 1 ] DEBUG Engine               - Initializing environment variables
22:01:49.606 [FXGL Background Thread 1 ] DEBUG FXGLAssetLoaderServi - User app class for loading assets: class com.example.javagame.GameDesign.App
22:01:49.607 [FXGL Background Thread 1 ] DEBUG GameApplicationServi - Applying CSS: fxgl_dark.css
22:01:49.608 [FXGL Background Thread 1 ] DEBUG FXGLAssetLoaderServi - Loading from file system: jar:file:///C:/Users/JOICE%20JIN/.m2/repository/com/github/almasb/fxgl/17.2/fxgl-17.2.jar!/fxglassets/ui/css/fxgl_dark.css
22:01:49.716 [FXGL Background Thread 1 ] DEBUG GameApplicationServi - Applying CSS: game.css
22:01:49.716 [FXGL Background Thread 1 ] DEBUG FXGLAssetLoaderServi - Loading from file system: file:/D:/JAVA%20GAME/target/classes/assets/ui/css/game.css
22:01:49.719 [FXGL Background Thread 1 ] DEBUG GameApplicationServi - Initializing application scenes
22:01:50.005 [FXGL Background Thread 1 ] DEBUG GameWorld            - Game world initialized
22:01:50.193 [FXGL Background Thread 1 ] DEBUG PhysicsWorld         - Physics world initialized: appHeight=672, physics.ppm=50.0
22:01:50.194 [FXGL Background Thread 1 ] DEBUG PhysicsWorld         - Using strategy: BRUTE_FORCE
22:01:50.209 [FXGL Background Thread 1 ] DEBUG GameScene            - Game scene initialized: 816x672
22:01:50.299 [FXGL Background Thread 1 ] DEBUG FXGL.DefaultMenu     - createMenuBodyGameMenu()
22:01:50.326 [FXGL Background Thread 1 ] DEBUG FXGL.DefaultMenu     - createOptionsMenu()
22:01:50.351 [FXGL Background Thread 1 ] DEBUG FXGLAssetLoaderServi - Loading from file system: jar:file:///C:/Users/JOICE%20JIN/.m2/repository/com/github/almasb/fxgl/17.2/fxgl-17.2.jar!/fxglassets/textures/particles/smoke.png
22:01:50.580 [FXGL Background Thread 1 ] DEBUG FXGLAssetLoaderServi - Loading from file system: jar:file:///C:/Users/JOICE%20JIN/.m2/repository/com/github/almasb/fxgl/17.2/fxgl-17.2.jar!/fxglassets/textures/particles/trace_horizontal.png
22:01:50.641 [FXGL Background Thread 1 ] DEBUG GameApplicationServi - Application scenes initialized
22:01:50.679 [FXGL Background Thread 1 ] DEBUG SystemBundleService  - Loading FXGL system data
22:01:50.692 [FXGL Background Thread 1 ] DEBUG FileSystemAccess     - Reading from: D:\JAVA GAME\system\fxgl.bundle
22:01:50.719 [FXGL Background Thread 1 ] DEBUG SystemBundleService  - Bundle FXGL: {}
22:01:50.719 [FXGL Background Thread 1 ] DEBUG UpdaterService       - Checking for updates
22:01:50.730 [FXGL Background Thread 4 ] DEBUG FXGLApplication      - Loading fonts
22:01:50.731 [FXGL Background Thread 1 ] DEBUG FXGLApplication      - Loading default localization
22:01:50.732 [FXGL Background Thread 4 ] DEBUG FXGLAssetLoaderServi - Loading from file system: jar:file:///C:/Users/JOICE%20JIN/.m2/repository/com/github/almasb/fxgl/17.2/fxgl-17.2.jar!/fxglassets/ui/fonts/VarelaRound-Regular.ttf
22:01:50.733 [FXGL Background Thread 1 ] DEBUG FXGLAssetLoaderServi - Loading from file system: jar:file:///C:/Users/JOICE%20JIN/.m2/repository/com/github/almasb/fxgl/17.2/fxgl-17.2.jar!/fxglassets/languages/english.lang
22:01:50.841 [FXGL Background Thread 1 ] INFO  FXGLApplication      - FXGL initialization took: 1.324 sec
22:01:50.867 [JavaFX Application Thread] DEBUG Input                - Registered new binding: action0 - Up
22:01:50.868 [JavaFX Application Thread] DEBUG Input                - Registered new binding: action1 - Down
22:01:50.870 [JavaFX Application Thread] DEBUG Input                - Registered new binding: action2 - Left
22:01:50.874 [JavaFX Application Thread] DEBUG Input                - Registered new binding: action3 - Right
22:01:50.876 [JavaFX Application Thread] DEBUG Input                - Registered new binding: action4 - Space
22:01:50.877 [JavaFX Application Thread] DEBUG FXGLAssetLoaderServi - Loading from file system: file:/D:/JAVA%20GAME/target/classes/assets/textures/appicon.png
22:01:50.909 [JavaFX Application Thread] DEBUG FXGLAssetLoaderServi - Loading from file system: file:/D:/JAVA%20GAME/target/classes/assets/textures/cursor.png
22:01:50.920 [JavaFX Application Thread] DEBUG Input                - Registered new binding: Screenshot - CTRL+8
22:01:50.921 [JavaFX Application Thread] DEBUG Input                - Registered new binding: System info dump - CTRL+9
22:01:50.922 [JavaFX Application Thread] DEBUG Input                - Registered new binding: Restart - CTRL+R
22:01:50.923 [JavaFX Application Thread] DEBUG Input                - Registered new binding: Toggle Debug Camera - CTRL+7
22:01:50.929 [JavaFX Application Thread] DEBUG LoopRunner           - Starting loop
22:01:50.929 [JavaFX Application Thread] DEBUG LoopRunner           - Initializing JavaFX AnimationTimerLoop
22:01:50.935 [JavaFX Application Thread] DEBUG Input                - Clearing active input actions
22:01:50.961 [JavaFX Application Thread] DEBUG GameApplicationServi - Removing overlay from FXGLStartupScene and adding to FXGLMainMenuDummyScene
22:01:50.962 [JavaFX Application Thread] DEBUG PrimaryStageWindow   - FXGLStartupScene -> FXGLMainMenuDummyScene
22:01:50.964 [JavaFX Application Thread] DEBUG PrimaryStageWindow   - Push state: LoginScene
22:01:50.965 [JavaFX Application Thread] DEBUG Input                - Clearing active input actions
22:01:51.005 [JavaFX Application Thread] DEBUG GameApplicationServi - Removing overlay from FXGLMainMenuDummyScene and adding to LoginScene
22:01:51.006 [JavaFX Application Thread] DEBUG PrimaryStageWindow   - FXGLMainMenuDummyScene -> LoginScene
22:01:51.271 [FXGL Background Thread 4 ] DEBUG FXGLAssetLoaderServi - Loading from file system: jar:file:///C:/Users/JOICE%20JIN/.m2/repository/com/github/almasb/fxgl/17.2/fxgl-17.2.jar!/fxglassets/ui/fonts/Abel-Regular.ttf
22:01:51.276 [FXGL Background Thread 4 ] DEBUG FXGLAssetLoaderServi - Loading from file system: jar:file:///C:/Users/JOICE%20JIN/.m2/repository/com/github/almasb/fxgl/17.2/fxgl-17.2.jar!/fxglassets/ui/fonts/TerminalLandMono-Regular.otf
22:01:51.282 [FXGL Background Thread 4 ] DEBUG FXGLAssetLoaderServi - Loading from file system: jar:file:///C:/Users/JOICE%20JIN/.m2/repository/com/github/almasb/fxgl/17.2/fxgl-17.2.jar!/fxglassets/ui/fonts/Courier-Prime.ttf
22:01:51.370 [FXGL Background Thread 2 ] WARN  UpdaterService       - Failed to find updates: java.net.UnknownHostException: raw.githubusercontent.com
22:01:51.531 [JavaFX Application Thread] DEBUG FXGLApplication      - Registering font factories with UI factory
22:01:53.727 [FXGL Background Thread 3 ] DEBUG Engine               - Logging environment variables
22:01:53.728 [FXGL Background Thread 3 ] DEBUG Engine               - achievements: []
22:01:53.728 [FXGL Background Thread 3 ] DEBUG Engine               - actualHeight: 672.0
22:01:53.728 [FXGL Background Thread 3 ] DEBUG Engine               - actualHeightProperty: ReadOnlyDoubleProperty [value: 672.0]
22:01:53.728 [FXGL Background Thread 3 ] DEBUG Engine               - actualWidth: 816.0
22:01:53.728 [FXGL Background Thread 3 ] DEBUG Engine               - actualWidthProperty: ReadOnlyDoubleProperty [value: 816.0]
22:01:53.728 [FXGL Background Thread 3 ] DEBUG Engine               - appIcon: appicon.png
22:01:53.728 [FXGL Background Thread 3 ] DEBUG Engine               - applicationMode: DEVELOPER
22:01:53.728 [FXGL Background Thread 3 ] DEBUG Engine               - cSSList: [fxgl_dark.css, game.css]
22:01:53.729 [FXGL Background Thread 3 ] DEBUG Engine               - collisionDetectionStrategy: BRUTE_FORCE
22:01:53.729 [FXGL Background Thread 3 ] DEBUG Engine               - configClass: Optional.empty
22:01:53.729 [FXGL Background Thread 3 ] DEBUG Engine               - credits: []
22:01:53.730 [FXGL Background Thread 3 ] DEBUG Engine               - defaultCursor: CursorInfo(imageName=cursor.png, hotspotX=0.0, hotspotY=0.0)
22:01:53.731 [FXGL Background Thread 3 ] DEBUG Engine               - devBBoxColorProperty: ObjectProperty [value: 0xff0000ff]
22:01:53.731 [FXGL Background Thread 3 ] DEBUG Engine               - devEnableDebugCameraProperty: BooleanProperty [value: false]
22:01:53.732 [FXGL Background Thread 3 ] DEBUG Engine               - devSensorColorProperty: ObjectProperty [value: 0xffff00ff]
22:01:53.732 [FXGL Background Thread 3 ] DEBUG Engine               - devShowBBoxProperty: BooleanProperty [value: false]
22:01:53.732 [FXGL Background Thread 3 ] DEBUG Engine               - devShowPositionProperty: BooleanProperty [value: false]
22:01:53.732 [FXGL Background Thread 3 ] DEBUG Engine               - enabledMenuItems: []
22:01:53.732 [FXGL Background Thread 3 ] DEBUG Engine               - engineServices: [class com.almasb.fxgl.app.services.FXGLAssetLoaderService, class com.almasb.fxgl.app.FXGLApplication$GameApplicationService, class com.almasb.fxgl.app.services.FXGLDialogService, class com.almasb.fxgl.app.services.IOTaskExecutorService, class com.almasb.fxgl.io.FileSystemService, class com.almasb.fxgl.localization.LocalizationService, class com.almasb.fxgl.app.services.SystemBundleService, class com.almasb.fxgl.profile.SaveLoadService, class com.almasb.fxgl.ui.FXGLUIFactoryServiceProvider, class com.almasb.fxgl.ui.FXGLDialogFactoryServiceProvider, class com.almasb.fxgl.audio.AudioPlayer, class com.almasb.fxgl.notification.impl.NotificationServiceProvider, class com.almasb.fxgl.achievement.AchievementService, class com.almasb.fxgl.cutscene.CutsceneService, class com.almasb.fxgl.minigames.MiniGameService, class com.almasb.fxgl.net.NetService, class com.almasb.fxgl.app.services.UpdaterService, class com.almasb.fxgl.dev.DevService]
22:01:53.732 [FXGL Background Thread 3 ] DEBUG Engine               - fontGame: Abel-Regular.ttf
22:01:53.732 [FXGL Background Thread 3 ] DEBUG Engine               - fontMono: TerminalLandMono-Regular.otf
22:01:53.732 [FXGL Background Thread 3 ] DEBUG Engine               - fontText: Courier-Prime.ttf
22:01:53.732 [FXGL Background Thread 3 ] DEBUG Engine               - fontUI: VarelaRound-Regular.ttf
22:01:53.732 [FXGL Background Thread 3 ] DEBUG Engine               - fullScreen: BooleanProperty [value: false]
22:01:53.732 [FXGL Background Thread 3 ] DEBUG Engine               - gameDifficulty: MEDIUM
22:01:53.732 [FXGL Background Thread 3 ] DEBUG Engine               - gameDifficultyProperty: ObjectProperty [value: MEDIUM]
22:01:53.732 [FXGL Background Thread 3 ] DEBUG Engine               - globalMusicVolume: 0.5
22:01:53.732 [FXGL Background Thread 3 ] DEBUG Engine               - globalMusicVolumeProperty: DoubleProperty [value: 0.5]
22:01:53.732 [FXGL Background Thread 3 ] DEBUG Engine               - globalSoundVolume: 0.5
22:01:53.732 [FXGL Background Thread 3 ] DEBUG Engine               - globalSoundVolumeProperty: DoubleProperty [value: 0.5]
22:01:53.733 [FXGL Background Thread 3 ] DEBUG Engine               - height: 672
22:01:53.733 [FXGL Background Thread 3 ] DEBUG Engine               - is3D: false
22:01:53.733 [FXGL Background Thread 3 ] DEBUG Engine               - isAndroid: false
22:01:53.733 [FXGL Background Thread 3 ] DEBUG Engine               - isBrowser: false
22:01:53.733 [FXGL Background Thread 3 ] DEBUG Engine               - isClickFeedbackEnabled: false
22:01:53.733 [FXGL Background Thread 3 ] DEBUG Engine               - isCloseConfirmation: false
22:01:53.733 [FXGL Background Thread 3 ] DEBUG Engine               - isDesktop: true
22:01:53.733 [FXGL Background Thread 3 ] DEBUG Engine               - isDeveloperMenuEnabled: false
22:01:53.733 [FXGL Background Thread 3 ] DEBUG Engine               - isEmbedded: false
22:01:53.733 [FXGL Background Thread 3 ] DEBUG Engine               - isEntityPreloadEnabled: true
22:01:53.733 [FXGL Background Thread 3 ] DEBUG Engine               - isExperimentalTiledLargeMap: false
22:01:53.733 [FXGL Background Thread 3 ] DEBUG Engine               - isFileSystemWriteAllowed: true
22:01:53.733 [FXGL Background Thread 3 ] DEBUG Engine               - isFullScreenAllowed: false
22:01:53.733 [FXGL Background Thread 3 ] DEBUG Engine               - isFullScreenFromStart: false
22:01:53.733 [FXGL Background Thread 3 ] DEBUG Engine               - isGameMenuEnabled: true
22:01:53.733 [FXGL Background Thread 3 ] DEBUG Engine               - isIOS: false
22:01:53.733 [FXGL Background Thread 3 ] DEBUG Engine               - isIntroEnabled: false
22:01:53.733 [FXGL Background Thread 3 ] DEBUG Engine               - isLinux: false
22:01:53.733 [FXGL Background Thread 3 ] DEBUG Engine               - isMac: false
22:01:53.733 [FXGL Background Thread 3 ] DEBUG Engine               - isMainMenuEnabled: true
22:01:53.733 [FXGL Background Thread 3 ] DEBUG Engine               - isManualResizeEnabled: false
22:01:53.733 [FXGL Background Thread 3 ] DEBUG Engine               - isMobile: false
22:01:53.734 [FXGL Background Thread 3 ] DEBUG Engine               - isNative: false
22:01:53.735 [FXGL Background Thread 3 ] DEBUG Engine               - isPauseMusicWhenMinimized: true
22:01:53.735 [FXGL Background Thread 3 ] DEBUG Engine               - isPreserveResizeRatio: false
22:01:53.735 [FXGL Background Thread 3 ] DEBUG Engine               - isProfilingEnabled: false
22:01:53.735 [FXGL Background Thread 3 ] DEBUG Engine               - isScaleAffectedOnResize: true
22:01:53.735 [FXGL Background Thread 3 ] DEBUG Engine               - isSingleStep: false
22:01:53.735 [FXGL Background Thread 3 ] DEBUG Engine               - isUserProfileEnabled: false
22:01:53.735 [FXGL Background Thread 3 ] DEBUG Engine               - isWindows: true
22:01:53.735 [FXGL Background Thread 3 ] DEBUG Engine               - language: ObjectProperty [value: ENGLISH]
22:01:53.735 [FXGL Background Thread 3 ] DEBUG Engine               - menuKey: ESCAPE
22:01:53.735 [FXGL Background Thread 3 ] DEBUG Engine               - mouseSensitivity: 0.2
22:01:53.735 [FXGL Background Thread 3 ] DEBUG Engine               - notificationViewClass: class com.almasb.fxgl.notification.view.XboxNotificationView
22:01:53.735 [FXGL Background Thread 3 ] DEBUG Engine               - pixelsPerMeter: 50.0
22:01:53.735 [FXGL Background Thread 3 ] DEBUG Engine               - platform: WINDOWS
22:01:53.736 [FXGL Background Thread 3 ] DEBUG Engine               - prefHeightProperty: ReadOnlyDoubleProperty [value: 672.0]
22:01:53.736 [FXGL Background Thread 3 ] DEBUG Engine               - prefWidthProperty: ReadOnlyDoubleProperty [value: 816.0]
22:01:53.736 [FXGL Background Thread 3 ] DEBUG Engine               - profileDir: profiles/
22:01:53.736 [FXGL Background Thread 3 ] DEBUG Engine               - profileName: StringProperty [value: DEFAULT]
22:01:53.736 [FXGL Background Thread 3 ] DEBUG Engine               - randomSeed: -1
22:01:53.736 [FXGL Background Thread 3 ] DEBUG Engine               - runtimeInfo: RuntimeInfo(platform=WINDOWS, version=17.2, build=20.08.2022 16.50)
22:01:53.736 [FXGL Background Thread 3 ] DEBUG Engine               - saveFileExt: sav
22:01:53.736 [FXGL Background Thread 3 ] DEBUG Engine               - scaledHeightProp$fxgl: DoubleProperty [bound, value: 672.0]
22:01:53.736 [FXGL Background Thread 3 ] DEBUG Engine               - scaledWidthProp$fxgl: DoubleProperty [bound, value: 816.0]
22:01:53.736 [FXGL Background Thread 3 ] DEBUG Engine               - sceneFactory: com.example.javagame.GameDesign.App$1@7ab58e56
22:01:53.736 [FXGL Background Thread 3 ] DEBUG Engine               - secondsIn24h: 60
22:01:53.736 [FXGL Background Thread 3 ] DEBUG Engine               - soundMenuBack: menu/back.wav
22:01:53.736 [FXGL Background Thread 3 ] DEBUG Engine               - soundMenuPress: menu/press.wav
22:01:53.736 [FXGL Background Thread 3 ] DEBUG Engine               - soundMenuSelect: menu/select.wav
22:01:53.736 [FXGL Background Thread 3 ] DEBUG Engine               - soundNotification: core/notification.wav
22:01:53.736 [FXGL Background Thread 3 ] DEBUG Engine               - stageStyle: DECORATED
22:01:53.736 [FXGL Background Thread 3 ] DEBUG Engine               - supportedLanguages: [ENGLISH, FRENCH, GERMAN, HUNGARIAN, RUSSIAN]
22:01:53.736 [FXGL Background Thread 3 ] DEBUG Engine               - ticksPerSecond: -1
22:01:53.738 [FXGL Background Thread 3 ] DEBUG Engine               - title: Escape From the Lab
22:01:53.738 [FXGL Background Thread 3 ] DEBUG Engine               - urlGithub: https://github.com/AlmasB/FXGL
22:01:53.738 [FXGL Background Thread 3 ] DEBUG Engine               - urlLeaderboard: http://fxgl-top.herokuapp.com/
22:01:53.738 [FXGL Background Thread 3 ] DEBUG Engine               - urlPOM: https://raw.githubusercontent.com/AlmasB/FXGL/release/README.md
22:01:53.738 [FXGL Background Thread 3 ] DEBUG Engine               - userAppClass: class com.example.javagame.GameDesign.App
22:01:53.738 [FXGL Background Thread 3 ] DEBUG Engine               - version: 0.1
22:01:53.738 [FXGL Background Thread 3 ] DEBUG Engine               - versionCheckDays: 7
22:01:53.738 [FXGL Background Thread 3 ] DEBUG Engine               - width: 816
22:01:53.738 [FXGL Background Thread 3 ] DEBUG Engine               - Logging services
22:01:53.738 [FXGL Background Thread 3 ] DEBUG Engine               - class com.almasb.fxgl.app.services.FXGLAssetLoaderService
22:01:53.738 [FXGL Background Thread 3 ] DEBUG Engine               - class com.almasb.fxgl.app.FXGLApplication$GameApplicationService
22:01:53.738 [FXGL Background Thread 3 ] DEBUG Engine               - class com.almasb.fxgl.app.services.FXGLDialogService
22:01:53.738 [FXGL Background Thread 3 ] DEBUG Engine               - class com.almasb.fxgl.app.services.IOTaskExecutorService
22:01:53.738 [FXGL Background Thread 3 ] DEBUG Engine               - class com.almasb.fxgl.io.FileSystemService
22:01:53.738 [FXGL Background Thread 3 ] DEBUG Engine               - class com.almasb.fxgl.localization.LocalizationService
22:01:53.738 [FXGL Background Thread 3 ] DEBUG Engine               - class com.almasb.fxgl.app.services.SystemBundleService
22:01:53.738 [FXGL Background Thread 3 ] DEBUG Engine               - class com.almasb.fxgl.profile.SaveLoadService
22:01:53.738 [FXGL Background Thread 3 ] DEBUG Engine               - class com.almasb.fxgl.ui.FXGLUIFactoryServiceProvider
22:01:53.738 [FXGL Background Thread 3 ] DEBUG Engine               - class com.almasb.fxgl.ui.FXGLDialogFactoryServiceProvider
22:01:53.738 [FXGL Background Thread 3 ] DEBUG Engine               - class com.almasb.fxgl.audio.AudioPlayer
22:01:53.738 [FXGL Background Thread 3 ] DEBUG Engine               - class com.almasb.fxgl.notification.impl.NotificationServiceProvider
22:01:53.738 [FXGL Background Thread 3 ] DEBUG Engine               - class com.almasb.fxgl.achievement.AchievementService
22:01:53.738 [FXGL Background Thread 3 ] DEBUG Engine               - class com.almasb.fxgl.cutscene.CutsceneService
22:01:53.738 [FXGL Background Thread 3 ] DEBUG Engine               - class com.almasb.fxgl.minigames.MiniGameService
22:01:53.738 [FXGL Background Thread 3 ] DEBUG Engine               - class com.almasb.fxgl.net.NetService
22:01:53.738 [FXGL Background Thread 3 ] DEBUG Engine               - class com.almasb.fxgl.app.services.UpdaterService
22:01:53.738 [FXGL Background Thread 3 ] DEBUG Engine               - class com.almasb.fxgl.dev.DevService
22:02:02.112 [JavaFX Application Thread] DEBUG GameApplicationServi - Starting new game
22:02:02.112 [JavaFX Application Thread] DEBUG PrimaryStageWindow   - Pop state: LoginScene
22:02:02.112 [JavaFX Application Thread] DEBUG Input                - Clearing active input actions
22:02:02.113 [JavaFX Application Thread] DEBUG GameApplicationServi - Removing overlay from LoginScene and adding to FXGLMainMenuDummyScene
22:02:02.114 [JavaFX Application Thread] DEBUG PrimaryStageWindow   - FXGLMainMenuDummyScene <- LoginScene
22:02:02.114 [JavaFX Application Thread] DEBUG Input                - Clearing active input actions
22:02:02.122 [JavaFX Application Thread] DEBUG GameApplicationServi - Removing overlay from FXGLMainMenuDummyScene and adding to FXGLLoadingScene
22:02:02.122 [JavaFX Application Thread] DEBUG PrimaryStageWindow   - FXGLMainMenuDummyScene -> FXGLLoadingScene
22:02:02.123 [JavaFX Application Thread] DEBUG GameApplicationServi - Clearing previous game
22:02:02.123 [JavaFX Application Thread] DEBUG GameScene            - Clearing game scene
22:02:02.123 [JavaFX Application Thread] DEBUG GameWorld            - Clearing game world
22:02:02.123 [JavaFX Application Thread] DEBUG PhysicsWorld         - Clearing physics world
22:02:02.129 [FXGL Background Thread 2 ] DEBUG FXGLApplication      - Initializing game
22:02:02.191 [FXGL Background Thread 2 ] WARN  TMXLevelLoader       - TiledMap generated from 1.10.0. Supported version: 1.4.2. Some features may not be parsed fully.
22:02:02.206 [FXGL Background Thread 2 ] DEBUG TMXLevelLoader       - Parsed TiledMap: file:/D:/JAVA%20GAME/target/classes/assets/levels/level1.tmx
22:02:02.209 [FXGL Background Thread 2 ] DEBUG TMXLevelLoader       - Creating tile layer entities
22:02:02.210 [FXGL Background Thread 2 ] DEBUG TMXLevelLoader       - Creating object layer entities
22:02:02.258 [FXGL Background Thread 2 ] DEBUG FXGLAssetLoaderServi - Loading from file system: file:/D:/JAVA%20GAME/target/classes/assets/textures/KEY1.png
22:02:02.278 [FXGL Background Thread 2 ] DEBUG GameWorld            - Clearing removable entities
22:02:02.280 [FXGL Background Thread 2 ] DEBUG GameWorld            - Setting level: com.almasb.fxgl.entity.level.Level@3af1340
22:02:02.302 [FXGL Background Thread 2 ] DEBUG FXGLAssetLoaderServi - Loading from file system: file:/D:/JAVA%20GAME/target/classes/assets/textures/people/main3.png
22:02:02.316 [FXGL Background Thread 2 ] WARN  Entity               - Entity already has component: com.almasb.fxgl.entity.components.ViewComponent
22:02:02.322 [FXGL Background Thread 2 ] WARN  Entity               - Entity already has component: com.almasb.fxgl.entity.components.CollidableComponent
22:02:02.332 [FXGL Background Thread 2 ] DEBUG FXGLAssetLoaderServi - Loading from file system: file:/D:/JAVA%20GAME/target/classes/assets/textures/EnemyLogo.png
22:02:02.337 [FXGL Background Thread 2 ] DEBUG FXGLAssetLoaderServi - Loading from file system: file:/D:/JAVA%20GAME/target/classes/assets/textures/attack/sword1.png
22:02:02.352 [FXGL Background Thread 2 ] INFO  FXGLApplication      - Game initialization took: 0.224 sec
22:02:02.353 [JavaFX Application Thread] DEBUG Input                - Clearing active input actions
22:02:02.361 [JavaFX Application Thread] DEBUG GameApplicationServi - Removing overlay from FXGLLoadingScene and adding to GameScene
22:02:02.361 [JavaFX Application Thread] DEBUG PrimaryStageWindow   - FXGLLoadingScene -> GameScene
22:02:03.689 [JavaFX Application Thread] DEBUG FXGLAssetLoaderServi - Loading from file system: file:/D:/JAVA%20GAME/target/classes/assets/textures/people/Enemy.png
22:02:03.693 [JavaFX Application Thread] WARN  Entity               - Entity already has component: com.almasb.fxgl.entity.components.ViewComponent
22:02:03.693 [JavaFX Application Thread] WARN  Entity               - Entity already has component: com.almasb.fxgl.entity.components.CollidableComponent
22:02:04.682 [JavaFX Application Thread] DEBUG FXGLAssetLoaderServi - Loading from file system: file:/D:/JAVA%20GAME/target/classes/assets/textures/attack/shockWave1.png
22:02:04.793 [JavaFX Application Thread] DEBUG FXGLAssetLoaderServi - Loading from file system: file:/D:/JAVA%20GAME/target/classes/assets/textures/attack/bullet.png
22:02:06.665 [JavaFX Application Thread] DEBUG FXGLAssetLoaderServi - Loading from file system: file:/D:/JAVA%20GAME/target/classes/assets/textures/explode.png
22:02:06.676 [JavaFX Application Thread] WARN  GameWorld            - Attempted to remove entity which is not active
22:02:06.676 [JavaFX Application Thread] WARN  GameWorld            - Attempted to remove entity which is not active
22:02:07.570 [JavaFX Application Thread] WARN  GameWorld            - Attempted to remove entity which is not active
22:02:07.570 [JavaFX Application Thread] WARN  GameWorld            - Attempted to remove entity which is not active
22:02:08.906 [JavaFX Application Thread] WARN  GameWorld            - Attempted to remove entity which is not active
22:02:08.907 [JavaFX Application Thread] WARN  GameWorld            - Attempted to remove entity which is not active
22:02:09.163 [JavaFX Application Thread] WARN  GameWorld            - Attempted to remove entity which is not active
22:02:09.163 [JavaFX Application Thread] WARN  GameWorld            - Attempted to remove entity which is not active
22:02:11.449 [JavaFX Application Thread] DEBUG PrimaryStageWindow   - Push state: SuccessScene
22:02:11.449 [JavaFX Application Thread] DEBUG Input                - Clearing active input actions
22:02:11.449 [JavaFX Application Thread] DEBUG GameApplicationServi - Removing overlay from GameScene and adding to SuccessScene
22:02:11.449 [JavaFX Application Thread] DEBUG PrimaryStageWindow   - GameScene -> SuccessScene
22:02:13.464 [JavaFX Application Thread] DEBUG PrimaryStageWindow   - Pop state: SuccessScene
22:02:13.464 [JavaFX Application Thread] DEBUG Input                - Clearing active input actions
22:02:13.464 [JavaFX Application Thread] DEBUG GameApplicationServi - Removing overlay from SuccessScene and adding to GameScene
22:02:13.464 [JavaFX Application Thread] DEBUG PrimaryStageWindow   - GameScene <- SuccessScene
22:02:13.465 [JavaFX Application Thread] WARN  TMXLevelLoader       - TiledMap generated from 1.10.0. Supported version: 1.4.2. Some features may not be parsed fully.
22:02:13.475 [JavaFX Application Thread] DEBUG TMXLevelLoader       - Parsed TiledMap: file:/D:/JAVA%20GAME/target/classes/assets/levels/level2.tmx
22:02:13.475 [JavaFX Application Thread] DEBUG TMXLevelLoader       - Creating tile layer entities
22:02:13.475 [JavaFX Application Thread] DEBUG TMXLevelLoader       - Creating object layer entities
22:02:13.503 [JavaFX Application Thread] DEBUG GameWorld            - Clearing removable entities
22:02:13.506 [JavaFX Application Thread] DEBUG GameWorld            - Setting level: com.almasb.fxgl.entity.level.Level@7eff3ace
22:02:13.508 [JavaFX Application Thread] WARN  Entity               - Entity already has component: com.almasb.fxgl.entity.components.ViewComponent
22:02:13.508 [JavaFX Application Thread] WARN  Entity               - Entity already has component: com.almasb.fxgl.entity.components.CollidableComponent
22:02:18.251 [JavaFX Application Thread] WARN  GameWorld            - Attempted to remove entity which is not active
22:02:23.161 [JavaFX Application Thread] WARN  GameWorld            - Attempted to remove entity which is not active
22:02:23.162 [JavaFX Application Thread] WARN  GameWorld            - Attempted to remove entity which is not active
22:02:23.529 [JavaFX Application Thread] WARN  GameWorld            - Attempted to remove entity which is not active
22:02:23.529 [JavaFX Application Thread] WARN  GameWorld            - Attempted to remove entity which is not active
22:02:24.105 [JavaFX Application Thread] WARN  Entity               - Entity already has component: com.almasb.fxgl.entity.components.ViewComponent
22:02:24.106 [JavaFX Application Thread] WARN  Entity               - Entity already has component: com.almasb.fxgl.entity.components.CollidableComponent
22:02:30.089 [JavaFX Application Thread] WARN  GameWorld            - Attempted to remove entity which is not active
22:02:30.089 [JavaFX Application Thread] WARN  GameWorld            - Attempted to remove entity which is not active
22:02:30.092 [JavaFX Application Thread] DEBUG FXGLAssetLoaderServi - Loading from file system: file:/D:/JAVA%20GAME/target/classes/assets/textures/item/star.png
22:02:31.449 [JavaFX Application Thread] DEBUG PrimaryStageWindow   - Push state: SuccessScene
22:02:31.450 [JavaFX Application Thread] DEBUG Input                - Clearing active input actions
22:02:31.450 [JavaFX Application Thread] DEBUG GameApplicationServi - Removing overlay from GameScene and adding to SuccessScene
22:02:31.450 [JavaFX Application Thread] DEBUG PrimaryStageWindow   - GameScene -> SuccessScene
22:02:31.451 [JavaFX Application Thread] DEBUG PrimaryStageWindow   - Push state: SuccessScene
22:02:31.451 [JavaFX Application Thread] DEBUG Input                - Clearing active input actions
22:02:31.451 [JavaFX Application Thread] DEBUG GameApplicationServi - Removing overlay from SuccessScene and adding to SuccessScene
22:02:31.451 [JavaFX Application Thread] DEBUG PrimaryStageWindow   - SuccessScene -> SuccessScene
22:02:33.465 [JavaFX Application Thread] DEBUG PrimaryStageWindow   - Push state: DialogSubScene
22:02:33.465 [JavaFX Application Thread] DEBUG Input                - Clearing active input actions
22:02:33.465 [JavaFX Application Thread] DEBUG GameApplicationServi - Removing overlay from SuccessScene and adding to DialogSubScene
22:02:33.465 [JavaFX Application Thread] DEBUG PrimaryStageWindow   - SuccessScene -> DialogSubScene
22:02:34.320 [JavaFX Application Thread] DEBUG PrimaryStageWindow   - Pop state: DialogSubScene
22:02:34.320 [JavaFX Application Thread] DEBUG Input                - Clearing active input actions
22:02:34.320 [JavaFX Application Thread] DEBUG GameApplicationServi - Removing overlay from DialogSubScene and adding to SuccessScene
22:02:34.320 [JavaFX Application Thread] DEBUG PrimaryStageWindow   - SuccessScene <- DialogSubScene
22:02:34.320 [JavaFX Application Thread] DEBUG PrimaryStageWindow   - Pop state: SuccessScene
22:02:34.320 [JavaFX Application Thread] DEBUG Input                - Clearing active input actions
22:02:34.320 [JavaFX Application Thread] DEBUG GameApplicationServi - Removing overlay from SuccessScene and adding to SuccessScene
22:02:34.320 [JavaFX Application Thread] DEBUG PrimaryStageWindow   - SuccessScene <- SuccessScene
22:02:34.320 [JavaFX Application Thread] DEBUG PrimaryStageWindow   - Pop state: SuccessScene
22:02:34.320 [JavaFX Application Thread] DEBUG Input                - Clearing active input actions
22:02:34.320 [JavaFX Application Thread] DEBUG GameApplicationServi - Removing overlay from SuccessScene and adding to GameScene
22:02:34.321 [JavaFX Application Thread] DEBUG PrimaryStageWindow   - GameScene <- SuccessScene
22:02:34.321 [JavaFX Application Thread] DEBUG Input                - Clearing active input actions
22:02:34.324 [JavaFX Application Thread] DEBUG GameApplicationServi - Removing overlay from GameScene and adding to FXGLMainMenuDummyScene
22:02:34.325 [JavaFX Application Thread] DEBUG PrimaryStageWindow   - GameScene -> FXGLMainMenuDummyScene
22:02:34.325 [JavaFX Application Thread] DEBUG PrimaryStageWindow   - Push state: LoginScene
22:02:34.325 [JavaFX Application Thread] DEBUG Input                - Clearing active input actions
22:02:34.327 [JavaFX Application Thread] DEBUG GameApplicationServi - Removing overlay from FXGLMainMenuDummyScene and adding to LoginScene
22:02:34.327 [JavaFX Application Thread] DEBUG PrimaryStageWindow   - FXGLMainMenuDummyScene -> LoginScene
22:02:40.003 [JavaFX Application Thread] DEBUG GameApplicationServi - Starting new game
22:02:40.003 [JavaFX Application Thread] DEBUG PrimaryStageWindow   - Pop state: LoginScene
22:02:40.003 [JavaFX Application Thread] DEBUG Input                - Clearing active input actions
22:02:40.003 [JavaFX Application Thread] DEBUG GameApplicationServi - Removing overlay from LoginScene and adding to FXGLMainMenuDummyScene
22:02:40.003 [JavaFX Application Thread] DEBUG PrimaryStageWindow   - FXGLMainMenuDummyScene <- LoginScene
22:02:40.003 [JavaFX Application Thread] DEBUG Input                - Clearing active input actions
22:02:40.007 [JavaFX Application Thread] DEBUG GameApplicationServi - Removing overlay from FXGLMainMenuDummyScene and adding to FXGLLoadingScene
22:02:40.007 [JavaFX Application Thread] DEBUG PrimaryStageWindow   - FXGLMainMenuDummyScene -> FXGLLoadingScene
22:02:40.007 [JavaFX Application Thread] DEBUG GameApplicationServi - Clearing previous game
22:02:40.007 [JavaFX Application Thread] DEBUG GameScene            - Clearing game scene
22:02:40.007 [JavaFX Application Thread] DEBUG GameWorld            - Clearing game world
22:02:40.009 [JavaFX Application Thread] DEBUG PhysicsWorld         - Clearing physics world
22:02:40.009 [FXGL Background Thread 2 ] DEBUG FXGLApplication      - Initializing game
22:02:40.010 [FXGL Background Thread 2 ] WARN  TMXLevelLoader       - TiledMap generated from 1.10.0. Supported version: 1.4.2. Some features may not be parsed fully.
22:02:40.012 [FXGL Background Thread 2 ] DEBUG TMXLevelLoader       - Parsed TiledMap: file:/D:/JAVA%20GAME/target/classes/assets/levels/level1.tmx
22:02:40.012 [FXGL Background Thread 2 ] DEBUG TMXLevelLoader       - Creating tile layer entities
22:02:40.012 [FXGL Background Thread 2 ] DEBUG TMXLevelLoader       - Creating object layer entities
22:02:40.020 [FXGL Background Thread 2 ] DEBUG GameWorld            - Clearing removable entities
22:02:40.020 [FXGL Background Thread 2 ] DEBUG GameWorld            - Setting level: com.almasb.fxgl.entity.level.Level@498e2cc3
22:02:40.021 [FXGL Background Thread 2 ] WARN  Entity               - Entity already has component: com.almasb.fxgl.entity.components.ViewComponent
22:02:40.021 [FXGL Background Thread 2 ] WARN  Entity               - Entity already has component: com.almasb.fxgl.entity.components.CollidableComponent
22:02:40.022 [FXGL Background Thread 2 ] INFO  FXGLApplication      - Game initialization took: 0.013 sec
22:02:40.023 [JavaFX Application Thread] DEBUG Input                - Clearing active input actions
22:02:40.027 [JavaFX Application Thread] DEBUG GameApplicationServi - Removing overlay from FXGLLoadingScene and adding to GameScene
22:02:40.027 [JavaFX Application Thread] DEBUG PrimaryStageWindow   - FXGLLoadingScene -> GameScene
22:02:41.005 [JavaFX Application Thread] DEBUG FXGLApplication      - Exiting FXGL
22:02:41.005 [JavaFX Application Thread] DEBUG LoopRunner           - Stopping loop
22:02:41.005 [JavaFX Application Thread] DEBUG SystemBundleService  - Saving FXGL system data
22:02:41.007 [JavaFX Application Thread] DEBUG FileSystemAccess     - Writing to: D:\JAVA GAME\system\fxgl.bundle
22:02:41.008 [JavaFX Application Thread] DEBUG Async                - Shutting down background threads
22:02:41.008 [JavaFX Application Thread] DEBUG PrimaryStageWindow   - Closing main window
22:02:41.020 [JavaFX Application Thread] DEBUG Logger               - Closing Logger
